<?xml version="1.0" encoding="UTF-8"?>
<!-- Generated by org.testng.reporters.JUnitReportReporter -->
<testsuite skipped="0" hostname="DESKTOP-OB6MLR4" name="com.netBankingApp.TestCases.test" tests="1" failures="0" timestamp="29 Sep 2020 06:18:29 GMT" time="10.497" errors="0">
  <testcase name="displayAllDropDownOptions" time="10.497" classname="com.netBankingApp.TestCases.test"/>
</testsuite> <!-- com.netBankingApp.TestCases.test -->
