<?xml version="1.0" encoding="UTF-8"?>
<!-- Generated by org.testng.reporters.JUnitReportReporter -->
<testsuite skipped="0" hostname="DESKTOP-OB6MLR4" name="com.netBankingApp.TestCases.TC_LoginTest_001" tests="1" failures="0" timestamp="27 Sep 2020 13:40:13 GMT" time="1.646" errors="0">
  <testcase name="loginTest" time="1.646" classname="com.netBankingApp.TestCases.TC_LoginTest_001"/>
</testsuite> <!-- com.netBankingApp.TestCases.TC_LoginTest_001 -->
