<?xml version="1.0" encoding="UTF-8"?>
<!-- Generated by org.testng.reporters.JUnitReportReporter -->
<testsuite skipped="0" hostname="DESKTOP-OB6MLR4" name="com.netBankingApp.TestCases.TestTestNG" tests="4" failures="0" timestamp="26 Sep 2020 10:37:07 GMT" time="43.725" errors="0">
  <testcase name="AmzonHome" time="16.091" classname="com.netBankingApp.TestCases.TestTestNG"/>
  <testcase name="OnePlusHome" time="10.055" classname="com.netBankingApp.TestCases.TestTestNG"/>
  <testcase name="MiHome" time="10.578" classname="com.netBankingApp.TestCases.TestTestNG"/>
  <testcase name="FlipkartHome" time="7.001" classname="com.netBankingApp.TestCases.TestTestNG"/>
</testsuite> <!-- com.netBankingApp.TestCases.TestTestNG -->
