<?xml version="1.0" encoding="UTF-8"?>
<!-- Generated by org.testng.reporters.JUnitReportReporter -->
<testsuite skipped="0" hostname="DESKTOP-OB6MLR4" name="com.netBankingApp.TestCases.demoTestNG_Sequence" tests="1" failures="0" timestamp="29 Sep 2020 13:33:22 GMT" time="0.021" errors="0">
  <testcase name="methodeight" time="0.021" classname="com.netBankingApp.TestCases.demoTestNG_Sequence"/>
</testsuite> <!-- com.netBankingApp.TestCases.demoTestNG_Sequence -->
