<?xml version="1.0" encoding="UTF-8"?>
<!-- Generated by org.testng.reporters.JUnitReportReporter -->
<testsuite skipped="0" hostname="DESKTOP-OB6MLR4" name="com.netBankingApp.TestCases.sample" tests="1" failures="0" timestamp="2020-09-18T12:50:39 IST" time="15.198" errors="0">
  <testcase name="test" time="15.198" classname="com.netBankingApp.TestCases.sample"/>
  <system-out/>
</testsuite> <!-- com.netBankingApp.TestCases.sample -->
