<?xml version="1.0" encoding="UTF-8"?>
<!-- Generated by org.testng.reporters.JUnitReportReporter -->
<testsuite skipped="0" hostname="DESKTOP-OB6MLR4" name="com.netBankingApp.TestCases.TC_AddCustomerTest_003" tests="1" failures="0" timestamp="27 Sep 2020 13:30:56 GMT" time="13.818" errors="0">
  <testcase name="addNewCustomer" time="13.818" classname="com.netBankingApp.TestCases.TC_AddCustomerTest_003"/>
</testsuite> <!-- com.netBankingApp.TestCases.TC_AddCustomerTest_003 -->
