<?xml version="1.0" encoding="UTF-8"?>
<!-- Generated by org.testng.reporters.JUnitReportReporter -->
<testsuite skipped="0" hostname="DESKTOP-OB6MLR4" name="com.netBankingApp.TestCases.TC_LoginTest_001" tests="1" failures="0" timestamp="2020-10-12T12:06:26 IST" time="2.430" errors="0">
  <testcase name="loginTest" time="2.430" classname="com.netBankingApp.TestCases.TC_LoginTest_001"/>
  <system-out/>
</testsuite> <!-- com.netBankingApp.TestCases.TC_LoginTest_001 -->
