<?xml version="1.0" encoding="UTF-8"?>
<!-- Generated by org.testng.reporters.JUnitReportReporter -->
<testsuite skipped="0" hostname="DESKTOP-OB6MLR4" name="com.netBankingApp.TestCases.TC_AddCustomerTest_003" tests="1" failures="0" timestamp="2020-10-07T11:05:58 IST" time="13.360" errors="0">
  <testcase name="addNewCustomer" time="13.360" classname="com.netBankingApp.TestCases.TC_AddCustomerTest_003"/>
  <system-out/>
</testsuite> <!-- com.netBankingApp.TestCases.TC_AddCustomerTest_003 -->
