<?xml version="1.0" encoding="UTF-8"?>
<!-- Generated by org.testng.reporters.JUnitReportReporter -->
<testsuite skipped="0" hostname="DESKTOP-OB6MLR4" name="com.netBankingApp.TestCases.TC_AddCustomerTest_003" tests="1" failures="0" timestamp="2020-10-12T12:06:26 IST" time="18.209" errors="0">
  <testcase name="addNewCustomer" time="18.209" classname="com.netBankingApp.TestCases.TC_AddCustomerTest_003"/>
  <system-out/>
</testsuite> <!-- com.netBankingApp.TestCases.TC_AddCustomerTest_003 -->
